<?xml version="1.0" encoding="UTF-8" ?>
<testsuite errors="0" failures="0" hostname="Derek-PC" name="test.PrintMarketingTest" skipped="0" tests="2" time="0.057" timestamp="2015-04-03T17:03:29">
  <properties>
[...]
</properties>
  <testcase classname="test.PrintMarketingTest" name="testStartCampaign" time="0.005" />
  <testcase classname="test.PrintMarketingTest" name="testCancelCampaign" time="0.001" />
  <system-out><![CDATA[Bummer Dude, our marketing campaign actually resulted in a decrease in sales. We sold 78.0 less product as a result of our marketing run.
Bummer Dude, our marketing campaign actually resulted in a decrease in sales. We sold 10.0 less product as a result of our marketing run.
Bummer Dude, our marketing campaign actually resulted in a decrease in sales. We sold 370.0 less product as a result of our marketing run.
Great Job, our marketing campaign resulted in an increase in sales. We sold 115.0 more products as a result of our marketing run.
Great Job, our marketing campaign resulted in an increase in sales. We sold 65.0 more products as a result of our marketing run.
Great Job, our marketing campaign resulted in an increase in sales. We sold 88.0 more products as a result of our marketing run.
Bummer Dude, our marketing campaign actually resulted in a decrease in sales. We sold 60.0 less product as a result of our marketing run.
Great Job, our marketing campaign resulted in an increase in sales. We sold 200.0 more products as a result of our marketing run.
Great Job, our marketing campaign resulted in an increase in sales. We sold 0.0 more products as a result of our marketing run.
Great Job, our marketing campaign resulted in an increase in sales. We sold -0.0 more products as a result of our marketing run.
Bummer Dude, after prematurely canceling our marketing campaign, we only managed to recoup 25.0 percent of the original costs back.
Well done, after prematurely canceling our marketing campaign, we actually managed to recoup 93.0 percent of the original costs back.
Well done, after prematurely canceling our marketing campaign, we actually managed to recoup 44.0 percent of the original costs back.
Well done, after prematurely canceling our marketing campaign, we actually managed to recoup 65.0 percent of the original costs back.
Bummer Dude, after prematurely canceling our marketing campaign, we only managed to recoup 6.0 percent of the original costs back.
Well done, after prematurely canceling our marketing campaign, we actually managed to recoup 43.0 percent of the original costs back.
]]></system-out>
  <system-err><![CDATA[]]></system-err>
</testsuite>
